Copyright 1986-2022 Xilinx, Inc. All Rights Reserved. Copyright 2022-2023 Advanced Micro Devices, Inc. All Rights Reserved.
---------------------------------------------------------------------------------------------------------------------------------------------
| Tool Version : Vivado v.2023.1 (win64) Build 3865809 Sun May  7 15:05:29 MDT 2023
| Date         : Thu Apr  4 16:03:10 2024
| Host         : WKS-94958-LT running 64-bit major release  (build 9200)
| Command      : report_clock_utilization -file system_top_level_wrapper_clock_utilization_routed.rpt
| Design       : system_top_level_wrapper
| Device       : 7z020-clg400
| Speed File   : -1  PRODUCTION 1.12 2019-11-22
| Design State : Routed
---------------------------------------------------------------------------------------------------------------------------------------------

Clock Utilization Report

Table of Contents
-----------------
1. Clock Primitive Utilization
2. Global Clock Resources
3. Global Clock Source Details
4. Clock Regions: Key Resource Utilization
5. Clock Regions : Global Clock Summary
6. Device Cell Placement Summary for Global Clock g0
7. Device Cell Placement Summary for Global Clock g1
8. Device Cell Placement Summary for Global Clock g2
9. Device Cell Placement Summary for Global Clock g3
10. Clock Region Cell Placement per Global Clock: Region X0Y0
11. Clock Region Cell Placement per Global Clock: Region X1Y0
12. Clock Region Cell Placement per Global Clock: Region X1Y1
13. Clock Region Cell Placement per Global Clock: Region X0Y2

1. Clock Primitive Utilization
------------------------------

+----------+------+-----------+-----+--------------+--------+
| Type     | Used | Available | LOC | Clock Region | Pblock |
+----------+------+-----------+-----+--------------+--------+
| BUFGCTRL |    2 |        32 |   0 |            0 |      0 |
| BUFH     |    2 |        72 |   0 |            0 |      0 |
| BUFIO    |    0 |        16 |   0 |            0 |      0 |
| BUFMR    |    0 |         8 |   0 |            0 |      0 |
| BUFR     |    0 |        16 |   0 |            0 |      0 |
| MMCM     |    0 |         4 |   0 |            0 |      0 |
| PLL      |    1 |         4 |   0 |            0 |      0 |
+----------+------+-----------+-----+--------------+--------+


2. Global Clock Resources
-------------------------

+-----------+-----------+-----------------+------------+----------------+--------------+-------------------+-------------+-----------------+--------------+-----------------------------------------+----------------------------------------------------+--------------------------------------------------------------------------------+
| Global Id | Source Id | Driver Type/Pin | Constraint | Site           | Clock Region | Load Clock Region | Clock Loads | Non-Clock Loads | Clock Period | Clock                                   | Driver Pin                                         | Net                                                                            |
+-----------+-----------+-----------------+------------+----------------+--------------+-------------------+-------------+-----------------+--------------+-----------------------------------------+----------------------------------------------------+--------------------------------------------------------------------------------+
| g0        | src0      | BUFGCTRL/O      | None       | BUFGCTRL_X0Y16 | n/a          |                 2 |         177 |               1 |       81.379 | clk_out2_system_top_level_clk_wiz_0_0   | system_top_level_i/clk_wiz_0/inst/clkout2_buf/O    | system_top_level_i/clk_wiz_0/inst/clk_out2                                     |
| g0        | src1      | BUFGCTRL/O      | None       | BUFGCTRL_X0Y16 | n/a          |                 2 |         177 |               1 |       81.379 |                                         | system_top_level_i/clk_wiz_0/inst/clkout2_buf/O    | system_top_level_i/clk_wiz_0/inst/clk_out2                                     |
| g1        | src0      | BUFH/O          | None       | BUFHCE_X0Y25   | X0Y2         |                 1 |           8 |               0 |       81.379 | clk_out2_system_top_level_clk_wiz_0_0   | system_top_level_i/clk_wiz_0/inst/clkout2_buf_en/O | system_top_level_i/clk_wiz_0/inst/clk_out2_system_top_level_clk_wiz_0_0_en_clk |
| g2        | src2      | BUFGCTRL/O      | None       | BUFGCTRL_X0Y17 | n/a          |                 2 |          63 |               0 |       20.000 | clk_out1_system_top_level_clk_wiz_0_0_1 | system_top_level_i/clk_wiz_0/inst/clkout1_buf/O    | system_top_level_i/clk_wiz_0/inst/clk_out1                                     |
| g2        | src3      | BUFGCTRL/O      | None       | BUFGCTRL_X0Y17 | n/a          |                 2 |          63 |               0 |       20.000 |                                         | system_top_level_i/clk_wiz_0/inst/clkout1_buf/O    | system_top_level_i/clk_wiz_0/inst/clk_out1                                     |
| g3        | src2      | BUFH/O          | None       | BUFHCE_X0Y24   | X0Y2         |                 1 |           8 |               0 |       20.000 | clk_out1_system_top_level_clk_wiz_0_0_1 | system_top_level_i/clk_wiz_0/inst/clkout1_buf_en/O | system_top_level_i/clk_wiz_0/inst/clk_out1_system_top_level_clk_wiz_0_0_en_clk |
+-----------+-----------+-----------------+------------+----------------+--------------+-------------------+-------------+-----------------+--------------+-----------------------------------------+----------------------------------------------------+--------------------------------------------------------------------------------+
* Clock Loads column represents cell count of net connects that connect to a clock pin. Internal cell leaf pins are not considered
** Non-Clock Loads column represents cell count of non-clock pin loads


3. Global Clock Source Details
------------------------------

+-----------+-----------+-------------------+------------+----------------+--------------+-------------+-----------------+---------------------+-----------------------------------------+----------------------------------------------------------+-------------------------------------------------------------------------+
| Source Id | Global Id | Driver Type/Pin   | Constraint | Site           | Clock Region | Clock Loads | Non-Clock Loads | Source Clock Period | Source Clock                            | Driver Pin                                               | Net                                                                     |
+-----------+-----------+-------------------+------------+----------------+--------------+-------------+-----------------+---------------------+-----------------------------------------+----------------------------------------------------------+-------------------------------------------------------------------------+
| src0      | g0        | PLLE2_ADV/CLKOUT1 | None       | PLLE2_ADV_X1Y2 | X1Y2         |           2 |               0 |              81.379 | clk_out2_system_top_level_clk_wiz_0_0   | system_top_level_i/clk_wiz_0/inst/plle2_adv_inst/CLKOUT1 | system_top_level_i/clk_wiz_0/inst/clk_out2_system_top_level_clk_wiz_0_0 |
| src0      | g1        | PLLE2_ADV/CLKOUT1 | None       | PLLE2_ADV_X1Y2 | X1Y2         |           2 |               0 |              81.379 | clk_out2_system_top_level_clk_wiz_0_0   | system_top_level_i/clk_wiz_0/inst/plle2_adv_inst/CLKOUT1 | system_top_level_i/clk_wiz_0/inst/clk_out2_system_top_level_clk_wiz_0_0 |
| src1      | g0        | VCC/P             | None       |                | n/a          |           0 |               0 |                     |                                         | system_top_level_i/clk_wiz_0/inst/VCC_1/P                | system_top_level_i/clk_wiz_0/inst/VCC_2                                 |
| src2      | g2        | PLLE2_ADV/CLKOUT0 | None       | PLLE2_ADV_X1Y2 | X1Y2         |           2 |               0 |              20.000 | clk_out1_system_top_level_clk_wiz_0_0_1 | system_top_level_i/clk_wiz_0/inst/plle2_adv_inst/CLKOUT0 | system_top_level_i/clk_wiz_0/inst/clk_out1_system_top_level_clk_wiz_0_0 |
| src2      | g3        | PLLE2_ADV/CLKOUT0 | None       | PLLE2_ADV_X1Y2 | X1Y2         |           2 |               0 |              20.000 | clk_out1_system_top_level_clk_wiz_0_0_1 | system_top_level_i/clk_wiz_0/inst/plle2_adv_inst/CLKOUT0 | system_top_level_i/clk_wiz_0/inst/clk_out1_system_top_level_clk_wiz_0_0 |
| src3      | g2        | VCC/P             | None       |                | n/a          |           0 |               0 |                     |                                         | system_top_level_i/clk_wiz_0/inst/VCC_1/P                | system_top_level_i/clk_wiz_0/inst/VCC_2                                 |
+-----------+-----------+-------------------+------------+----------------+--------------+-------------+-----------------+---------------------+-----------------------------------------+----------------------------------------------------------+-------------------------------------------------------------------------+
* Clock Loads column represents cell count of net connects that connect to a clock pin. Internal cell leaf pins are not considered
** Non-Clock Loads column represents cell count of non-clock pin loads


4. Clock Regions: Key Resource Utilization
------------------------------------------

+-------------------+--------------+--------------+--------------+--------------+--------------+--------------+--------------+--------------+--------------+--------------+--------------+--------------+--------------+--------------+--------------+
|                   | Global Clock |     BUFRs    |    BUFMRs    |    BUFIOs    |     MMCM     |      PLL     |      GT      |      PCI     |    ILOGIC    |    OLOGIC    |      FF      |     LUTM     |    RAMB18    |    RAMB36    |    DSP48E2   |
+-------------------+------+-------+------+-------+------+-------+------+-------+------+-------+------+-------+------+-------+------+-------+------+-------+------+-------+------+-------+------+-------+------+-------+------+-------+------+-------+
| Clock Region Name | Used | Avail | Used | Avail | Used | Avail | Used | Avail | Used | Avail | Used | Avail | Used | Avail | Used | Avail | Used | Avail | Used | Avail | Used | Avail | Used | Avail | Used | Avail | Used | Avail | Used | Avail |
+-------------------+------+-------+------+-------+------+-------+------+-------+------+-------+------+-------+------+-------+------+-------+------+-------+------+-------+------+-------+------+-------+------+-------+------+-------+------+-------+
| X0Y0              |    1 |    12 |    0 |     4 |    0 |     2 |    0 |     4 |    0 |     1 |    0 |     1 |    0 |     0 |    0 |     0 |    0 |    50 |    0 |    50 |    0 |  2500 |    0 |  1000 |    0 |    60 |    0 |    30 |    0 |    60 |
| X1Y0              |    1 |    12 |    0 |     4 |    0 |     2 |    0 |     4 |    0 |     1 |    0 |     1 |    0 |     0 |    0 |     0 |    0 |    50 |    0 |    50 |   20 |  3200 |    2 |   850 |    0 |    60 |    0 |    30 |    0 |    40 |
| X0Y1              |    0 |    12 |    0 |     0 |    0 |     0 |    0 |     0 |    0 |     0 |    0 |     0 |    0 |     0 |    0 |     0 |    0 |     0 |    0 |     0 |    0 |  1200 |    0 |   400 |    0 |    20 |    0 |    10 |    0 |    20 |
| X1Y1              |    2 |    12 |    0 |     4 |    0 |     2 |    0 |     4 |    0 |     1 |    0 |     1 |    0 |     0 |    0 |     0 |    0 |    50 |    0 |    50 |  220 |  2600 |   68 |   850 |    0 |    60 |    0 |    30 |    0 |    40 |
| X0Y2              |    2 |    12 |    0 |     0 |    0 |     0 |    0 |     0 |    0 |     0 |    0 |     0 |    0 |     0 |    0 |     0 |    0 |     0 |    0 |     0 |   16 |  1200 |    0 |   400 |    0 |    20 |    0 |    10 |    0 |    20 |
| X1Y2              |    0 |    12 |    0 |     4 |    0 |     2 |    0 |     4 |    0 |     1 |    0 |     1 |    0 |     0 |    0 |     0 |    0 |    50 |    0 |    50 |    0 |  2600 |    0 |   850 |    0 |    60 |    0 |    30 |    0 |    40 |
+-------------------+------+-------+------+-------+------+-------+------+-------+------+-------+------+-------+------+-------+------+-------+------+-------+------+-------+------+-------+------+-------+------+-------+------+-------+------+-------+
* Global Clock column represents track count; while other columns represents cell counts


5. Clock Regions : Global Clock Summary
---------------------------------------

All Modules
+----+----+----+
|    | X0 | X1 |
+----+----+----+
| Y2 |  2 |  0 |
| Y1 |  0 |  0 |
| Y0 |  0 |  0 |
+----+----+----+


6. Device Cell Placement Summary for Global Clock g0
----------------------------------------------------

+-----------+-----------------+-------------------+----------+-------------+----------------+-------------+----------+----------------+----------+--------------------------------------------+
| Global Id | Driver Type/Pin | Driver Region (D) | Clock    | Period (ns) | Waveform (ns)  | Slice Loads | IO Loads | Clocking Loads | GT Loads | Net                                        |
+-----------+-----------------+-------------------+----------+-------------+----------------+-------------+----------+----------------+----------+--------------------------------------------+
| g0        | BUFGCTRL/O      | n/a               | Multiple |      81.379 | {0.000 40.690} |         177 |        1 |              0 |        0 | system_top_level_i/clk_wiz_0/inst/clk_out2 |
+-----------+-----------------+-------------------+----------+-------------+----------------+-------------+----------+----------------+----------+--------------------------------------------+
* Slice Loads column represents load cell count of all cell types other than IO, GT and clock resources
** IO Loads column represents load cell count of IO types
*** Clocking Loads column represents load cell count that are clock resources (global clock buffer, MMCM, PLL, etc)
**** GT Loads column represents load cell count of GT types


+----+----+------+-----------------------+
|    | X0 | X1   | HORIZONTAL PROG DELAY |
+----+----+------+-----------------------+
| Y2 |  0 |    0 |                     - |
| Y1 |  0 |  177 |                     0 |
| Y0 |  1 |    0 |                     0 |
+----+----+------+-----------------------+


7. Device Cell Placement Summary for Global Clock g1
----------------------------------------------------

+-----------+-----------------+-------------------+----------+-------------+----------------+-------------+----------+----------------+----------+--------------------------------------------------------------------------------+
| Global Id | Driver Type/Pin | Driver Region (D) | Clock    | Period (ns) | Waveform (ns)  | Slice Loads | IO Loads | Clocking Loads | GT Loads | Net                                                                            |
+-----------+-----------------+-------------------+----------+-------------+----------------+-------------+----------+----------------+----------+--------------------------------------------------------------------------------+
| g1        | BUFH/O          | X0Y2              | Multiple |      81.379 | {0.000 40.690} |           8 |        0 |              0 |        0 | system_top_level_i/clk_wiz_0/inst/clk_out2_system_top_level_clk_wiz_0_0_en_clk |
+-----------+-----------------+-------------------+----------+-------------+----------------+-------------+----------+----------------+----------+--------------------------------------------------------------------------------+
* Slice Loads column represents load cell count of all cell types other than IO, GT and clock resources
** IO Loads column represents load cell count of IO types
*** Clocking Loads column represents load cell count that are clock resources (global clock buffer, MMCM, PLL, etc)
**** GT Loads column represents load cell count of GT types


+----+--------+----+-----------------------+
|    | X0     | X1 | HORIZONTAL PROG DELAY |
+----+--------+----+-----------------------+
| Y2 |  (D) 8 |  0 |                     0 |
| Y1 |      0 |  0 |                     - |
| Y0 |      0 |  0 |                     - |
+----+--------+----+-----------------------+


8. Device Cell Placement Summary for Global Clock g2
----------------------------------------------------

+-----------+-----------------+-------------------+----------+-------------+----------------+-------------+----------+----------------+----------+--------------------------------------------+
| Global Id | Driver Type/Pin | Driver Region (D) | Clock    | Period (ns) | Waveform (ns)  | Slice Loads | IO Loads | Clocking Loads | GT Loads | Net                                        |
+-----------+-----------------+-------------------+----------+-------------+----------------+-------------+----------+----------------+----------+--------------------------------------------+
| g2        | BUFGCTRL/O      | n/a               | Multiple |      20.000 | {0.000 10.000} |          63 |        0 |              0 |        0 | system_top_level_i/clk_wiz_0/inst/clk_out1 |
+-----------+-----------------+-------------------+----------+-------------+----------------+-------------+----------+----------------+----------+--------------------------------------------+
* Slice Loads column represents load cell count of all cell types other than IO, GT and clock resources
** IO Loads column represents load cell count of IO types
*** Clocking Loads column represents load cell count that are clock resources (global clock buffer, MMCM, PLL, etc)
**** GT Loads column represents load cell count of GT types


+----+----+-----+-----------------------+
|    | X0 | X1  | HORIZONTAL PROG DELAY |
+----+----+-----+-----------------------+
| Y2 |  0 |   0 |                     - |
| Y1 |  0 |  43 |                     0 |
| Y0 |  0 |  20 |                     0 |
+----+----+-----+-----------------------+


9. Device Cell Placement Summary for Global Clock g3
----------------------------------------------------

+-----------+-----------------+-------------------+----------+-------------+----------------+-------------+----------+----------------+----------+--------------------------------------------------------------------------------+
| Global Id | Driver Type/Pin | Driver Region (D) | Clock    | Period (ns) | Waveform (ns)  | Slice Loads | IO Loads | Clocking Loads | GT Loads | Net                                                                            |
+-----------+-----------------+-------------------+----------+-------------+----------------+-------------+----------+----------------+----------+--------------------------------------------------------------------------------+
| g3        | BUFH/O          | X0Y2              | Multiple |      20.000 | {0.000 10.000} |           8 |        0 |              0 |        0 | system_top_level_i/clk_wiz_0/inst/clk_out1_system_top_level_clk_wiz_0_0_en_clk |
+-----------+-----------------+-------------------+----------+-------------+----------------+-------------+----------+----------------+----------+--------------------------------------------------------------------------------+
* Slice Loads column represents load cell count of all cell types other than IO, GT and clock resources
** IO Loads column represents load cell count of IO types
*** Clocking Loads column represents load cell count that are clock resources (global clock buffer, MMCM, PLL, etc)
**** GT Loads column represents load cell count of GT types


+----+--------+----+-----------------------+
|    | X0     | X1 | HORIZONTAL PROG DELAY |
+----+--------+----+-----------------------+
| Y2 |  (D) 8 |  0 |                     0 |
| Y1 |      0 |  0 |                     - |
| Y0 |      0 |  0 |                     - |
+----+--------+----+-----------------------+


10. Clock Region Cell Placement per Global Clock: Region X0Y0
-------------------------------------------------------------

+-----------+-------+-----------------+------------+-------------+-----------------+----+-------------+------+-----+----+------+-----+---------+--------------------------------------------+
| Global Id | Track | Driver Type/Pin | Constraint | Clock Loads | Non-Clock Loads | FF | Memory LUTs | RAMB | DSP | GT | MMCM | PLL | Hard IP | Net                                        |
+-----------+-------+-----------------+------------+-------------+-----------------+----+-------------+------+-----+----+------+-----+---------+--------------------------------------------+
| g0        | n/a   | BUFGCTRL/O      | None       |           0 |               1 |  0 |           0 |    0 |   0 |  0 |    0 |   0 |       0 | system_top_level_i/clk_wiz_0/inst/clk_out2 |
+-----------+-------+-----------------+------------+-------------+-----------------+----+-------------+------+-----+----+------+-----+---------+--------------------------------------------+
* Clock Loads column represents cell count of net connects that connect to a clock pin. Internal cell leaf pins are not considered
** Non-Clock Loads column represents cell count of non-clock pin loads
*** Columns FF, LUTRAM, RAMB through 'Hard IP' represents load cell counts


11. Clock Region Cell Placement per Global Clock: Region X1Y0
-------------------------------------------------------------

+-----------+-------+-----------------+------------+-------------+-----------------+----+-------------+------+-----+----+------+-----+---------+--------------------------------------------+
| Global Id | Track | Driver Type/Pin | Constraint | Clock Loads | Non-Clock Loads | FF | Memory LUTs | RAMB | DSP | GT | MMCM | PLL | Hard IP | Net                                        |
+-----------+-------+-----------------+------------+-------------+-----------------+----+-------------+------+-----+----+------+-----+---------+--------------------------------------------+
| g2        | n/a   | BUFGCTRL/O      | None       |          20 |               0 | 20 |           0 |    0 |   0 |  0 |    0 |   0 |       0 | system_top_level_i/clk_wiz_0/inst/clk_out1 |
+-----------+-------+-----------------+------------+-------------+-----------------+----+-------------+------+-----+----+------+-----+---------+--------------------------------------------+
* Clock Loads column represents cell count of net connects that connect to a clock pin. Internal cell leaf pins are not considered
** Non-Clock Loads column represents cell count of non-clock pin loads
*** Columns FF, LUTRAM, RAMB through 'Hard IP' represents load cell counts


12. Clock Region Cell Placement per Global Clock: Region X1Y1
-------------------------------------------------------------

+-----------+-------+-----------------+------------+-------------+-----------------+-----+-------------+------+-----+----+------+-----+---------+--------------------------------------------+
| Global Id | Track | Driver Type/Pin | Constraint | Clock Loads | Non-Clock Loads | FF  | Memory LUTs | RAMB | DSP | GT | MMCM | PLL | Hard IP | Net                                        |
+-----------+-------+-----------------+------------+-------------+-----------------+-----+-------------+------+-----+----+------+-----+---------+--------------------------------------------+
| g0        | n/a   | BUFGCTRL/O      | None       |         177 |               0 | 177 |           0 |    0 |   0 |  0 |    0 |   0 |       0 | system_top_level_i/clk_wiz_0/inst/clk_out2 |
| g2        | n/a   | BUFGCTRL/O      | None       |          43 |               0 |  43 |           0 |    0 |   0 |  0 |    0 |   0 |       0 | system_top_level_i/clk_wiz_0/inst/clk_out1 |
+-----------+-------+-----------------+------------+-------------+-----------------+-----+-------------+------+-----+----+------+-----+---------+--------------------------------------------+
* Clock Loads column represents cell count of net connects that connect to a clock pin. Internal cell leaf pins are not considered
** Non-Clock Loads column represents cell count of non-clock pin loads
*** Columns FF, LUTRAM, RAMB through 'Hard IP' represents load cell counts


13. Clock Region Cell Placement per Global Clock: Region X0Y2
-------------------------------------------------------------

+-----------+-------+-----------------+------------+-------------+-----------------+----+-------------+------+-----+----+------+-----+---------+--------------------------------------------------------------------------------+
| Global Id | Track | Driver Type/Pin | Constraint | Clock Loads | Non-Clock Loads | FF | Memory LUTs | RAMB | DSP | GT | MMCM | PLL | Hard IP | Net                                                                            |
+-----------+-------+-----------------+------------+-------------+-----------------+----+-------------+------+-----+----+------+-----+---------+--------------------------------------------------------------------------------+
| g3        | n/a   | BUFH/O          | None       |           8 |               0 |  8 |           0 |    0 |   0 |  0 |    0 |   0 |       0 | system_top_level_i/clk_wiz_0/inst/clk_out1_system_top_level_clk_wiz_0_0_en_clk |
| g1        | n/a   | BUFH/O          | None       |           8 |               0 |  8 |           0 |    0 |   0 |  0 |    0 |   0 |       0 | system_top_level_i/clk_wiz_0/inst/clk_out2_system_top_level_clk_wiz_0_0_en_clk |
+-----------+-------+-----------------+------------+-------------+-----------------+----+-------------+------+-----+----+------+-----+---------+--------------------------------------------------------------------------------+
* Clock Loads column represents cell count of net connects that connect to a clock pin. Internal cell leaf pins are not considered
** Non-Clock Loads column represents cell count of non-clock pin loads
*** Columns FF, LUTRAM, RAMB through 'Hard IP' represents load cell counts



# Location of BUFG Primitives 
set_property LOC BUFGCTRL_X0Y16 [get_cells system_top_level_i/clk_wiz_0/inst/clkout2_buf]
set_property LOC BUFGCTRL_X0Y17 [get_cells system_top_level_i/clk_wiz_0/inst/clkout1_buf]

# Location of BUFH Primitives 
set_property LOC BUFHCE_X0Y25 [get_cells system_top_level_i/clk_wiz_0/inst/clkout2_buf_en]
set_property LOC BUFHCE_X0Y24 [get_cells system_top_level_i/clk_wiz_0/inst/clkout1_buf_en]

# Location of IO Primitives which is load of clock spine
set_property LOC IOB_X0Y28 [get_cells pin_aud_mclk_OBUF_inst]

# Location of clock ports
set_property LOC IOB_X1Y124 [get_ports pin_clk125mhz]

# Clock net "system_top_level_i/clk_wiz_0/inst/clk_out2_system_top_level_clk_wiz_0_0_en_clk" driven by instance "system_top_level_i/clk_wiz_0/inst/clkout2_buf_en" located at site "BUFHCE_X0Y25"
#startgroup
create_pblock {CLKAG_system_top_level_i/clk_wiz_0/inst/clk_out2_system_top_level_clk_wiz_0_0_en_clk}
add_cells_to_pblock [get_pblocks  {CLKAG_system_top_level_i/clk_wiz_0/inst/clk_out2_system_top_level_clk_wiz_0_0_en_clk}] [get_cells -filter { PRIMITIVE_GROUP != I/O && IS_PRIMITIVE==1 && PRIMITIVE_LEVEL !=INTERNAL } -of_object [get_pins -leaf -filter {DIRECTION==IN} -of_objects [get_nets {system_top_level_i/clk_wiz_0/inst/clk_out2_system_top_level_clk_wiz_0_0_en_clk}]]]
resize_pblock [get_pblocks {CLKAG_system_top_level_i/clk_wiz_0/inst/clk_out2_system_top_level_clk_wiz_0_0_en_clk}] -add {CLOCKREGION_X0Y2:CLOCKREGION_X0Y2}
#endgroup

# Clock net "system_top_level_i/clk_wiz_0/inst/clk_out2" driven by instance "system_top_level_i/clk_wiz_0/inst/clkout2_buf" located at site "BUFGCTRL_X0Y16"
#startgroup
create_pblock {CLKAG_system_top_level_i/clk_wiz_0/inst/clk_out2}
add_cells_to_pblock [get_pblocks  {CLKAG_system_top_level_i/clk_wiz_0/inst/clk_out2}] [get_cells -filter { PRIMITIVE_GROUP != I/O && IS_PRIMITIVE==1 && PRIMITIVE_LEVEL !=INTERNAL && NAME!=pin_aud_mclk_OBUF_inst} -of_object [get_pins -leaf -filter {DIRECTION==IN} -of_objects [get_nets {system_top_level_i/clk_wiz_0/inst/clk_out2}]]]
resize_pblock [get_pblocks {CLKAG_system_top_level_i/clk_wiz_0/inst/clk_out2}] -add {CLOCKREGION_X1Y1:CLOCKREGION_X1Y1}
#endgroup

# Clock net "system_top_level_i/clk_wiz_0/inst/clk_out1_system_top_level_clk_wiz_0_0_en_clk" driven by instance "system_top_level_i/clk_wiz_0/inst/clkout1_buf_en" located at site "BUFHCE_X0Y24"
#startgroup
create_pblock {CLKAG_system_top_level_i/clk_wiz_0/inst/clk_out1_system_top_level_clk_wiz_0_0_en_clk}
add_cells_to_pblock [get_pblocks  {CLKAG_system_top_level_i/clk_wiz_0/inst/clk_out1_system_top_level_clk_wiz_0_0_en_clk}] [get_cells -filter { PRIMITIVE_GROUP != I/O && IS_PRIMITIVE==1 && PRIMITIVE_LEVEL !=INTERNAL } -of_object [get_pins -leaf -filter {DIRECTION==IN} -of_objects [get_nets {system_top_level_i/clk_wiz_0/inst/clk_out1_system_top_level_clk_wiz_0_0_en_clk}]]]
resize_pblock [get_pblocks {CLKAG_system_top_level_i/clk_wiz_0/inst/clk_out1_system_top_level_clk_wiz_0_0_en_clk}] -add {CLOCKREGION_X0Y2:CLOCKREGION_X0Y2}
#endgroup

# Clock net "system_top_level_i/clk_wiz_0/inst/clk_out1" driven by instance "system_top_level_i/clk_wiz_0/inst/clkout1_buf" located at site "BUFGCTRL_X0Y17"
#startgroup
create_pblock {CLKAG_system_top_level_i/clk_wiz_0/inst/clk_out1}
add_cells_to_pblock [get_pblocks  {CLKAG_system_top_level_i/clk_wiz_0/inst/clk_out1}] [get_cells -filter { PRIMITIVE_GROUP != I/O && IS_PRIMITIVE==1 && PRIMITIVE_LEVEL !=INTERNAL } -of_object [get_pins -leaf -filter {DIRECTION==IN} -of_objects [get_nets {system_top_level_i/clk_wiz_0/inst/clk_out1}]]]
resize_pblock [get_pblocks {CLKAG_system_top_level_i/clk_wiz_0/inst/clk_out1}] -add {CLOCKREGION_X1Y0:CLOCKREGION_X1Y0 CLOCKREGION_X1Y1:CLOCKREGION_X1Y1}
#endgroup
